<?xml version="1.0" encoding="UTF-8"?>
<!-- Generated by org.testng.reporters.JUnitReportReporter -->
<testsuite hostname="seleniuminstance1-0" failures="0" tests="1" name="runner.Testcase3" time="6.496" errors="0" timestamp="2023-09-21T20:13:31 UTC" skipped="0">
  <testcase classname="runner.Testcase3" name="TC_003" time="6.496"/>
</testsuite> <!-- runner.Testcase3 -->
